# JRE version: Java(TM) SE Runtime Environment (17.0.6+9) (build 17.0.6+9-LTS-190)
# Java VM: Java HotSpot(TM) 64-Bit Server VM (17.0.6+9-LTS-190, mixed mode, sharing, tiered, compressed oops, compressed class ptrs, g1 gc, windows-amd64)
GC Precious Log:
 CPUs: 16 total, 16 available
 Memory: 7893M
 Large Page Support: Disabled
 NUMA Support: Disabled
 Compressed Oops: Enabled (32-bit)
 Heap Region Size: 1M
 Heap Min Capacity: 8M
 Heap Initial Capacity: 124M
 Heap Max Capacity: 1974M
 Pre-touch: Disabled
 Parallel Workers: 13
 Concurrent Workers: 3
 Concurrent Refinement Workers: 13
 Periodic GC: Disabled
Heap:
 garbage-first heap   total 241664K, used 137460K [0x0000000084a00000, 0x0000000100000000)
  region size 1024K, 24 young (24576K), 8 survivors (8192K)
 Metaspace       used 26785K, committed 27136K, reserved 1073152K
  class space    used 3682K, committed 3840K, reserved 1048576K
GC Heap History (6 events):
Event: 0.712 GC heap before
{Heap before GC invocations=0 (full 0):
 garbage-first heap   total 126976K, used 22528K [0x0000000084a00000, 0x0000000100000000)
  region size 1024K, 23 young (23552K), 0 survivors (0K)
 Metaspace       used 5806K, committed 5952K, reserved 1056768K
  class space    used 688K, committed 768K, reserved 1048576K
}
Event: 0.714 GC heap after
{Heap after GC invocations=1 (full 0):
 garbage-first heap   total 126976K, used 6046K [0x0000000084a00000, 0x0000000100000000)
  region size 1024K, 3 young (3072K), 3 survivors (3072K)
 Metaspace       used 5806K, committed 5952K, reserved 1056768K
  class space    used 688K, committed 768K, reserved 1048576K
}
Event: 1.120 GC heap before
{Heap before GC invocations=1 (full 0):
 garbage-first heap   total 126976K, used 41886K [0x0000000084a00000, 0x0000000100000000)
  region size 1024K, 30 young (30720K), 3 survivors (3072K)
 Metaspace       used 9678K, committed 9856K, reserved 1064960K
  class space    used 1256K, committed 1344K, reserved 1048576K
}
Event: 1.123 GC heap after
{Heap after GC invocations=2 (full 0):
 garbage-first heap   total 126976K, used 17571K [0x0000000084a00000, 0x0000000100000000)
  region size 1024K, 4 young (4096K), 4 survivors (4096K)
 Metaspace       used 9678K, committed 9856K, reserved 1064960K
  class space    used 1256K, committed 1344K, reserved 1048576K
}
Event: 10.302 GC heap before
{Heap before GC invocations=2 (full 0):
 garbage-first heap   total 126976K, used 74915K [0x0000000084a00000, 0x0000000100000000)
  region size 1024K, 39 young (39936K), 4 survivors (4096K)
 Metaspace       used 21230K, committed 21504K, reserved 1073152K
  class space    used 2939K, committed 3072K, reserved 1048576K
}
Event: 10.307 GC heap after
{Heap after GC invocations=3 (full 0):
 garbage-first heap   total 126976K, used 44366K [0x0000000084a00000, 0x0000000100000000)
  region size 1024K, 8 young (8192K), 8 survivors (8192K)
 Metaspace       used 21230K, committed 21504K, reserved 1073152K
  class space    used 2939K, committed 3072K, reserved 1048576K
}

